<?xml version="1.0" encoding="UTF-8"?>
<!-- Generated by org.testng.reporters.JUnitXMLReporter -->
<testsuite ignored="0" hostname="tutkus-Air.fritz.box" failures="4" tests="12" name="Surefire test" time="98.423" errors="0" timestamp="2021-05-11T00:43:02 CEST">
  <testcase classname="com.calculator.tests.PageDashboardTests" name="NavigateToUrl" time="0.114"/>
  <testcase classname="com.calculator.tests.PageDashboardTests" name="Addition" time="1.026"/>
  <testcase classname="com.calculator.tests.PageDashboardTests" name="Subtraction" time="1.03"/>
  <testcase classname="com.calculator.tests.PageDashboardTests" name="Multiply" time="1.068"/>
  <testcase classname="com.calculator.tests.PageDashboardTests" name="Division" time="1.045"/>
  <testcase classname="com.calculator.tests.PageDashboardTests" name="FractionalOperations" time="1.519"/>
  <testcase classname="com.calculator.tests.PageDashboardTests" name="DivideByZero" time="1.088">
    <failure type="java.lang.AssertionError" message="They are not equal:  expected [Undefined] but found [Infinity]">
      <![CDATA[java.lang.AssertionError: They are not equal:  expected [Undefined] but found [Infinity]
at com.calculator.tests.PageDashboardTests.DivideByZero(PageDashboardTests.java:148)
at java.base/java.util.ArrayList.forEach(ArrayList.java:1541)
... Removed 36 stack frames]]>
    </failure>
  </testcase> <!-- DivideByZero -->
  <testcase classname="com.calculator.tests.PageDashboardTests" name="RandomClickAndDelete" time="1.391"/>
  <testcase classname="com.calculator.tests.PageDashboardTests" name="UserShouldNotClickOnDotDirectly" time="0.896">
    <failure type="java.lang.AssertionError" message="They are not equal:  expected [] but found [...]">
      <![CDATA[java.lang.AssertionError: They are not equal:  expected [] but found [...]
at com.calculator.tests.PageDashboardTests.UserShouldNotClickOnDotDirectly(PageDashboardTests.java:184)
at java.base/java.util.ArrayList.forEach(ArrayList.java:1541)
... Removed 36 stack frames]]>
    </failure>
  </testcase> <!-- UserShouldNotClickOnDotDirectly -->
  <testcase classname="com.calculator.tests.PageDashboardTests" name="UserShouldNotClickOnOperationsDirectly" time="0.812">
    <failure type="java.lang.AssertionError" message="They are not equal:  expected [] but found [**]">
      <![CDATA[java.lang.AssertionError: They are not equal:  expected [] but found [**]
at com.calculator.tests.PageDashboardTests.UserShouldNotClickOnOperationsDirectly(PageDashboardTests.java:199)
at java.base/java.util.ArrayList.forEach(ArrayList.java:1541)
... Removed 36 stack frames]]>
    </failure>
  </testcase> <!-- UserShouldNotClickOnOperationsDirectly -->
  <testcase classname="com.calculator.tests.PageDashboardTests" name="MaximumZeroShouldBeOneDigit" time="0.986">
    <failure type="java.lang.AssertionError" message="They are not equal:  expected [0] but found [000]">
      <![CDATA[java.lang.AssertionError: They are not equal:  expected [0] but found [000]
at com.calculator.tests.PageDashboardTests.MaximumZeroShouldBeOneDigit(PageDashboardTests.java:215)
at java.base/java.util.ArrayList.forEach(ArrayList.java:1541)
... Removed 36 stack frames]]>
    </failure>
  </testcase> <!-- MaximumZeroShouldBeOneDigit -->
  <testcase classname="com.calculator.tests.PageDashboardTests" name="SubtractionForNegativeResult" time="1.405"/>
</testsuite> <!-- Surefire test -->
