<?xml version="1.0" encoding="UTF-8"?>
<testng-results ignored="0" total="12" passed="8" failed="4" skipped="0">
  <reporter-output>
  </reporter-output>
  <suite started-at="2021-05-11T00:41:24 CEST" name="Surefire suite" finished-at="2021-05-11T00:43:02 CEST" duration-ms="98423">
    <groups>
    </groups>
    <test started-at="2021-05-11T00:41:24 CEST" name="Surefire test" finished-at="2021-05-11T00:43:02 CEST" duration-ms="98423">
      <class name="com.calculator.tests.PageDashboardTests">
        <test-method is-config="true" signature="methodSetup()[pri:0, instance:com.calculator.tests.PageDashboardTests@436813f3]" started-at="2021-05-11T00:41:24 CEST" name="methodSetup" finished-at="2021-05-11T00:41:30 CEST" duration-ms="6731" status="PASS">
          <reporter-output>
          </reporter-output>
        </test-method> <!-- methodSetup -->
        <test-method signature="NavigateToUrl()[pri:1, instance:com.calculator.tests.PageDashboardTests@436813f3]" started-at="2021-05-11T00:41:30 CEST" name="NavigateToUrl" finished-at="2021-05-11T00:41:30 CEST" duration-ms="114" status="PASS">
          <reporter-output>
          </reporter-output>
        </test-method> <!-- NavigateToUrl -->
        <test-method is-config="true" signature="methodTearDown()[pri:0, instance:com.calculator.tests.PageDashboardTests@436813f3]" started-at="2021-05-11T00:41:30 CEST" name="methodTearDown" finished-at="2021-05-11T00:41:30 CEST" duration-ms="0" status="PASS">
          <reporter-output>
          </reporter-output>
        </test-method> <!-- methodTearDown -->
        <test-method is-config="true" signature="methodSetup()[pri:0, instance:com.calculator.tests.PageDashboardTests@436813f3]" started-at="2021-05-11T00:41:30 CEST" name="methodSetup" finished-at="2021-05-11T00:41:35 CEST" duration-ms="4563" status="PASS">
          <reporter-output>
          </reporter-output>
        </test-method> <!-- methodSetup -->
        <test-method signature="Addition()[pri:2, instance:com.calculator.tests.PageDashboardTests@436813f3]" started-at="2021-05-11T00:41:35 CEST" name="Addition" finished-at="2021-05-11T00:41:36 CEST" duration-ms="1026" status="PASS">
          <reporter-output>
          </reporter-output>
        </test-method> <!-- Addition -->
        <test-method is-config="true" signature="methodTearDown()[pri:0, instance:com.calculator.tests.PageDashboardTests@436813f3]" started-at="2021-05-11T00:41:36 CEST" name="methodTearDown" finished-at="2021-05-11T00:41:36 CEST" duration-ms="0" status="PASS">
          <reporter-output>
          </reporter-output>
        </test-method> <!-- methodTearDown -->
        <test-method is-config="true" signature="methodSetup()[pri:0, instance:com.calculator.tests.PageDashboardTests@436813f3]" started-at="2021-05-11T00:41:36 CEST" name="methodSetup" finished-at="2021-05-11T00:41:41 CEST" duration-ms="5035" status="PASS">
          <reporter-output>
          </reporter-output>
        </test-method> <!-- methodSetup -->
        <test-method signature="Subtraction()[pri:3, instance:com.calculator.tests.PageDashboardTests@436813f3]" started-at="2021-05-11T00:41:41 CEST" name="Subtraction" finished-at="2021-05-11T00:41:42 CEST" duration-ms="1030" status="PASS">
          <reporter-output>
          </reporter-output>
        </test-method> <!-- Subtraction -->
        <test-method is-config="true" signature="methodTearDown()[pri:0, instance:com.calculator.tests.PageDashboardTests@436813f3]" started-at="2021-05-11T00:41:42 CEST" name="methodTearDown" finished-at="2021-05-11T00:41:42 CEST" duration-ms="0" status="PASS">
          <reporter-output>
          </reporter-output>
        </test-method> <!-- methodTearDown -->
        <test-method is-config="true" signature="methodSetup()[pri:0, instance:com.calculator.tests.PageDashboardTests@436813f3]" started-at="2021-05-11T00:41:42 CEST" name="methodSetup" finished-at="2021-05-11T00:41:48 CEST" duration-ms="5479" status="PASS">
          <reporter-output>
          </reporter-output>
        </test-method> <!-- methodSetup -->
        <test-method signature="Multiply()[pri:4, instance:com.calculator.tests.PageDashboardTests@436813f3]" started-at="2021-05-11T00:41:48 CEST" name="Multiply" finished-at="2021-05-11T00:41:49 CEST" duration-ms="1068" status="PASS">
          <reporter-output>
          </reporter-output>
        </test-method> <!-- Multiply -->
        <test-method is-config="true" signature="methodTearDown()[pri:0, instance:com.calculator.tests.PageDashboardTests@436813f3]" started-at="2021-05-11T00:41:49 CEST" name="methodTearDown" finished-at="2021-05-11T00:41:49 CEST" duration-ms="0" status="PASS">
          <reporter-output>
          </reporter-output>
        </test-method> <!-- methodTearDown -->
        <test-method is-config="true" signature="methodSetup()[pri:0, instance:com.calculator.tests.PageDashboardTests@436813f3]" started-at="2021-05-11T00:41:49 CEST" name="methodSetup" finished-at="2021-05-11T00:41:55 CEST" duration-ms="6639" status="PASS">
          <reporter-output>
          </reporter-output>
        </test-method> <!-- methodSetup -->
        <test-method signature="Division()[pri:5, instance:com.calculator.tests.PageDashboardTests@436813f3]" started-at="2021-05-11T00:41:55 CEST" name="Division" finished-at="2021-05-11T00:41:56 CEST" duration-ms="1045" status="PASS">
          <reporter-output>
          </reporter-output>
        </test-method> <!-- Division -->
        <test-method is-config="true" signature="methodTearDown()[pri:0, instance:com.calculator.tests.PageDashboardTests@436813f3]" started-at="2021-05-11T00:41:56 CEST" name="methodTearDown" finished-at="2021-05-11T00:41:56 CEST" duration-ms="0" status="PASS">
          <reporter-output>
          </reporter-output>
        </test-method> <!-- methodTearDown -->
        <test-method is-config="true" signature="methodSetup()[pri:0, instance:com.calculator.tests.PageDashboardTests@436813f3]" started-at="2021-05-11T00:41:56 CEST" name="methodSetup" finished-at="2021-05-11T00:42:03 CEST" duration-ms="6966" status="PASS">
          <reporter-output>
          </reporter-output>
        </test-method> <!-- methodSetup -->
        <test-method signature="FractionalOperations()[pri:5, instance:com.calculator.tests.PageDashboardTests@436813f3]" started-at="2021-05-11T00:42:03 CEST" name="FractionalOperations" finished-at="2021-05-11T00:42:05 CEST" duration-ms="1519" status="PASS">
          <reporter-output>
          </reporter-output>
        </test-method> <!-- FractionalOperations -->
        <test-method is-config="true" signature="methodTearDown()[pri:0, instance:com.calculator.tests.PageDashboardTests@436813f3]" started-at="2021-05-11T00:42:05 CEST" name="methodTearDown" finished-at="2021-05-11T00:42:05 CEST" duration-ms="1" status="PASS">
          <reporter-output>
          </reporter-output>
        </test-method> <!-- methodTearDown -->
        <test-method is-config="true" signature="methodSetup()[pri:0, instance:com.calculator.tests.PageDashboardTests@436813f3]" started-at="2021-05-11T00:42:05 CEST" name="methodSetup" finished-at="2021-05-11T00:42:12 CEST" duration-ms="6851" status="PASS">
          <reporter-output>
          </reporter-output>
        </test-method> <!-- methodSetup -->
        <test-method signature="DivideByZero()[pri:7, instance:com.calculator.tests.PageDashboardTests@436813f3]" started-at="2021-05-11T00:42:12 CEST" name="DivideByZero" finished-at="2021-05-11T00:42:13 CEST" duration-ms="1088" status="FAIL">
          <exception class="java.lang.AssertionError">
            <message>
              <![CDATA[They are not equal:  expected [Undefined] but found [Infinity]]]>
            </message>
            <full-stacktrace>
              <![CDATA[java.lang.AssertionError: They are not equal:  expected [Undefined] but found [Infinity]
at org.testng.Assert.fail(Assert.java:97)
at org.testng.Assert.assertEqualsImpl(Assert.java:136)
at org.testng.Assert.assertEquals(Assert.java:118)
at org.testng.Assert.assertEquals(Assert.java:575)
at com.calculator.tests.PageDashboardTests.DivideByZero(PageDashboardTests.java:148)
at java.base/jdk.internal.reflect.NativeMethodAccessorImpl.invoke0(Native Method)
at java.base/jdk.internal.reflect.NativeMethodAccessorImpl.invoke(NativeMethodAccessorImpl.java:62)
at java.base/jdk.internal.reflect.DelegatingMethodAccessorImpl.invoke(DelegatingMethodAccessorImpl.java:43)
at java.base/java.lang.reflect.Method.invoke(Method.java:566)
at org.testng.internal.MethodInvocationHelper.invokeMethod(MethodInvocationHelper.java:134)
at org.testng.internal.TestInvoker.invokeMethod(TestInvoker.java:597)
at org.testng.internal.TestInvoker.invokeTestMethod(TestInvoker.java:173)
at org.testng.internal.MethodRunner.runInSequence(MethodRunner.java:46)
at org.testng.internal.TestInvoker$MethodInvocationAgent.invoke(TestInvoker.java:816)
at org.testng.internal.TestInvoker.invokeTestMethods(TestInvoker.java:146)
at org.testng.internal.TestMethodWorker.invokeTestMethods(TestMethodWorker.java:146)
at org.testng.internal.TestMethodWorker.run(TestMethodWorker.java:128)
at java.base/java.util.ArrayList.forEach(ArrayList.java:1541)
at org.testng.TestRunner.privateRun(TestRunner.java:766)
at org.testng.TestRunner.run(TestRunner.java:587)
at org.testng.SuiteRunner.runTest(SuiteRunner.java:384)
at org.testng.SuiteRunner.runSequentially(SuiteRunner.java:378)
at org.testng.SuiteRunner.privateRun(SuiteRunner.java:337)
at org.testng.SuiteRunner.run(SuiteRunner.java:286)
at org.testng.SuiteRunnerWorker.runSuite(SuiteRunnerWorker.java:53)
at org.testng.SuiteRunnerWorker.run(SuiteRunnerWorker.java:96)
at org.testng.TestNG.runSuitesSequentially(TestNG.java:1187)
at org.testng.TestNG.runSuitesLocally(TestNG.java:1109)
at org.testng.TestNG.runSuites(TestNG.java:1039)
at org.testng.TestNG.run(TestNG.java:1007)
at org.apache.maven.surefire.testng.TestNGExecutor.run(TestNGExecutor.java:136)
at org.apache.maven.surefire.testng.TestNGDirectoryTestSuite.executeSingleClass(TestNGDirectoryTestSuite.java:112)
at org.apache.maven.surefire.testng.TestNGDirectoryTestSuite.execute(TestNGDirectoryTestSuite.java:99)
at org.apache.maven.surefire.testng.TestNGProvider.invoke(TestNGProvider.java:145)
at org.apache.maven.surefire.booter.ForkedBooter.runSuitesInProcess(ForkedBooter.java:428)
at org.apache.maven.surefire.booter.ForkedBooter.execute(ForkedBooter.java:162)
at org.apache.maven.surefire.booter.ForkedBooter.run(ForkedBooter.java:562)
at org.apache.maven.surefire.booter.ForkedBooter.main(ForkedBooter.java:548)
]]>
            </full-stacktrace>
          </exception> <!-- java.lang.AssertionError -->
          <reporter-output>
          </reporter-output>
        </test-method> <!-- DivideByZero -->
        <test-method is-config="true" signature="methodTearDown()[pri:0, instance:com.calculator.tests.PageDashboardTests@436813f3]" started-at="2021-05-11T00:42:13 CEST" name="methodTearDown" finished-at="2021-05-11T00:42:13 CEST" duration-ms="0" status="PASS">
          <reporter-output>
          </reporter-output>
        </test-method> <!-- methodTearDown -->
        <test-method is-config="true" signature="methodSetup()[pri:0, instance:com.calculator.tests.PageDashboardTests@436813f3]" started-at="2021-05-11T00:42:13 CEST" name="methodSetup" finished-at="2021-05-11T00:42:20 CEST" duration-ms="7565" status="PASS">
          <reporter-output>
          </reporter-output>
        </test-method> <!-- methodSetup -->
        <test-method signature="RandomClickAndDelete()[pri:8, instance:com.calculator.tests.PageDashboardTests@436813f3]" started-at="2021-05-11T00:42:20 CEST" name="RandomClickAndDelete" finished-at="2021-05-11T00:42:22 CEST" duration-ms="1391" status="PASS">
          <reporter-output>
          </reporter-output>
        </test-method> <!-- RandomClickAndDelete -->
        <test-method is-config="true" signature="methodTearDown()[pri:0, instance:com.calculator.tests.PageDashboardTests@436813f3]" started-at="2021-05-11T00:42:22 CEST" name="methodTearDown" finished-at="2021-05-11T00:42:22 CEST" duration-ms="1" status="PASS">
          <reporter-output>
          </reporter-output>
        </test-method> <!-- methodTearDown -->
        <test-method is-config="true" signature="methodSetup()[pri:0, instance:com.calculator.tests.PageDashboardTests@436813f3]" started-at="2021-05-11T00:42:22 CEST" name="methodSetup" finished-at="2021-05-11T00:42:30 CEST" duration-ms="8220" status="PASS">
          <reporter-output>
          </reporter-output>
        </test-method> <!-- methodSetup -->
        <test-method signature="UserShouldNotClickOnDotDirectly()[pri:9, instance:com.calculator.tests.PageDashboardTests@436813f3]" started-at="2021-05-11T00:42:30 CEST" name="UserShouldNotClickOnDotDirectly" finished-at="2021-05-11T00:42:31 CEST" duration-ms="896" status="FAIL">
          <exception class="java.lang.AssertionError">
            <message>
              <![CDATA[They are not equal:  expected [] but found [...]]]>
            </message>
            <full-stacktrace>
              <![CDATA[java.lang.AssertionError: They are not equal:  expected [] but found [...]
at org.testng.Assert.fail(Assert.java:97)
at org.testng.Assert.assertEqualsImpl(Assert.java:136)
at org.testng.Assert.assertEquals(Assert.java:118)
at org.testng.Assert.assertEquals(Assert.java:575)
at com.calculator.tests.PageDashboardTests.UserShouldNotClickOnDotDirectly(PageDashboardTests.java:184)
at java.base/jdk.internal.reflect.NativeMethodAccessorImpl.invoke0(Native Method)
at java.base/jdk.internal.reflect.NativeMethodAccessorImpl.invoke(NativeMethodAccessorImpl.java:62)
at java.base/jdk.internal.reflect.DelegatingMethodAccessorImpl.invoke(DelegatingMethodAccessorImpl.java:43)
at java.base/java.lang.reflect.Method.invoke(Method.java:566)
at org.testng.internal.MethodInvocationHelper.invokeMethod(MethodInvocationHelper.java:134)
at org.testng.internal.TestInvoker.invokeMethod(TestInvoker.java:597)
at org.testng.internal.TestInvoker.invokeTestMethod(TestInvoker.java:173)
at org.testng.internal.MethodRunner.runInSequence(MethodRunner.java:46)
at org.testng.internal.TestInvoker$MethodInvocationAgent.invoke(TestInvoker.java:816)
at org.testng.internal.TestInvoker.invokeTestMethods(TestInvoker.java:146)
at org.testng.internal.TestMethodWorker.invokeTestMethods(TestMethodWorker.java:146)
at org.testng.internal.TestMethodWorker.run(TestMethodWorker.java:128)
at java.base/java.util.ArrayList.forEach(ArrayList.java:1541)
at org.testng.TestRunner.privateRun(TestRunner.java:766)
at org.testng.TestRunner.run(TestRunner.java:587)
at org.testng.SuiteRunner.runTest(SuiteRunner.java:384)
at org.testng.SuiteRunner.runSequentially(SuiteRunner.java:378)
at org.testng.SuiteRunner.privateRun(SuiteRunner.java:337)
at org.testng.SuiteRunner.run(SuiteRunner.java:286)
at org.testng.SuiteRunnerWorker.runSuite(SuiteRunnerWorker.java:53)
at org.testng.SuiteRunnerWorker.run(SuiteRunnerWorker.java:96)
at org.testng.TestNG.runSuitesSequentially(TestNG.java:1187)
at org.testng.TestNG.runSuitesLocally(TestNG.java:1109)
at org.testng.TestNG.runSuites(TestNG.java:1039)
at org.testng.TestNG.run(TestNG.java:1007)
at org.apache.maven.surefire.testng.TestNGExecutor.run(TestNGExecutor.java:136)
at org.apache.maven.surefire.testng.TestNGDirectoryTestSuite.executeSingleClass(TestNGDirectoryTestSuite.java:112)
at org.apache.maven.surefire.testng.TestNGDirectoryTestSuite.execute(TestNGDirectoryTestSuite.java:99)
at org.apache.maven.surefire.testng.TestNGProvider.invoke(TestNGProvider.java:145)
at org.apache.maven.surefire.booter.ForkedBooter.runSuitesInProcess(ForkedBooter.java:428)
at org.apache.maven.surefire.booter.ForkedBooter.execute(ForkedBooter.java:162)
at org.apache.maven.surefire.booter.ForkedBooter.run(ForkedBooter.java:562)
at org.apache.maven.surefire.booter.ForkedBooter.main(ForkedBooter.java:548)
]]>
            </full-stacktrace>
          </exception> <!-- java.lang.AssertionError -->
          <reporter-output>
          </reporter-output>
        </test-method> <!-- UserShouldNotClickOnDotDirectly -->
        <test-method is-config="true" signature="methodSetup()[pri:0, instance:com.calculator.tests.PageDashboardTests@436813f3]" started-at="2021-05-11T00:42:31 CEST" name="methodSetup" finished-at="2021-05-11T00:42:40 CEST" duration-ms="9307" status="PASS">
          <reporter-output>
          </reporter-output>
        </test-method> <!-- methodSetup -->
        <test-method is-config="true" signature="methodTearDown()[pri:0, instance:com.calculator.tests.PageDashboardTests@436813f3]" started-at="2021-05-11T00:42:31 CEST" name="methodTearDown" finished-at="2021-05-11T00:42:31 CEST" duration-ms="0" status="PASS">
          <reporter-output>
          </reporter-output>
        </test-method> <!-- methodTearDown -->
        <test-method signature="UserShouldNotClickOnOperationsDirectly()[pri:9, instance:com.calculator.tests.PageDashboardTests@436813f3]" started-at="2021-05-11T00:42:40 CEST" name="UserShouldNotClickOnOperationsDirectly" finished-at="2021-05-11T00:42:41 CEST" duration-ms="812" status="FAIL">
          <exception class="java.lang.AssertionError">
            <message>
              <![CDATA[They are not equal:  expected [] but found [**]]]>
            </message>
            <full-stacktrace>
              <![CDATA[java.lang.AssertionError: They are not equal:  expected [] but found [**]
at org.testng.Assert.fail(Assert.java:97)
at org.testng.Assert.assertEqualsImpl(Assert.java:136)
at org.testng.Assert.assertEquals(Assert.java:118)
at org.testng.Assert.assertEquals(Assert.java:575)
at com.calculator.tests.PageDashboardTests.UserShouldNotClickOnOperationsDirectly(PageDashboardTests.java:199)
at java.base/jdk.internal.reflect.NativeMethodAccessorImpl.invoke0(Native Method)
at java.base/jdk.internal.reflect.NativeMethodAccessorImpl.invoke(NativeMethodAccessorImpl.java:62)
at java.base/jdk.internal.reflect.DelegatingMethodAccessorImpl.invoke(DelegatingMethodAccessorImpl.java:43)
at java.base/java.lang.reflect.Method.invoke(Method.java:566)
at org.testng.internal.MethodInvocationHelper.invokeMethod(MethodInvocationHelper.java:134)
at org.testng.internal.TestInvoker.invokeMethod(TestInvoker.java:597)
at org.testng.internal.TestInvoker.invokeTestMethod(TestInvoker.java:173)
at org.testng.internal.MethodRunner.runInSequence(MethodRunner.java:46)
at org.testng.internal.TestInvoker$MethodInvocationAgent.invoke(TestInvoker.java:816)
at org.testng.internal.TestInvoker.invokeTestMethods(TestInvoker.java:146)
at org.testng.internal.TestMethodWorker.invokeTestMethods(TestMethodWorker.java:146)
at org.testng.internal.TestMethodWorker.run(TestMethodWorker.java:128)
at java.base/java.util.ArrayList.forEach(ArrayList.java:1541)
at org.testng.TestRunner.privateRun(TestRunner.java:766)
at org.testng.TestRunner.run(TestRunner.java:587)
at org.testng.SuiteRunner.runTest(SuiteRunner.java:384)
at org.testng.SuiteRunner.runSequentially(SuiteRunner.java:378)
at org.testng.SuiteRunner.privateRun(SuiteRunner.java:337)
at org.testng.SuiteRunner.run(SuiteRunner.java:286)
at org.testng.SuiteRunnerWorker.runSuite(SuiteRunnerWorker.java:53)
at org.testng.SuiteRunnerWorker.run(SuiteRunnerWorker.java:96)
at org.testng.TestNG.runSuitesSequentially(TestNG.java:1187)
at org.testng.TestNG.runSuitesLocally(TestNG.java:1109)
at org.testng.TestNG.runSuites(TestNG.java:1039)
at org.testng.TestNG.run(TestNG.java:1007)
at org.apache.maven.surefire.testng.TestNGExecutor.run(TestNGExecutor.java:136)
at org.apache.maven.surefire.testng.TestNGDirectoryTestSuite.executeSingleClass(TestNGDirectoryTestSuite.java:112)
at org.apache.maven.surefire.testng.TestNGDirectoryTestSuite.execute(TestNGDirectoryTestSuite.java:99)
at org.apache.maven.surefire.testng.TestNGProvider.invoke(TestNGProvider.java:145)
at org.apache.maven.surefire.booter.ForkedBooter.runSuitesInProcess(ForkedBooter.java:428)
at org.apache.maven.surefire.booter.ForkedBooter.execute(ForkedBooter.java:162)
at org.apache.maven.surefire.booter.ForkedBooter.run(ForkedBooter.java:562)
at org.apache.maven.surefire.booter.ForkedBooter.main(ForkedBooter.java:548)
]]>
            </full-stacktrace>
          </exception> <!-- java.lang.AssertionError -->
          <reporter-output>
          </reporter-output>
        </test-method> <!-- UserShouldNotClickOnOperationsDirectly -->
        <test-method is-config="true" signature="methodTearDown()[pri:0, instance:com.calculator.tests.PageDashboardTests@436813f3]" started-at="2021-05-11T00:42:41 CEST" name="methodTearDown" finished-at="2021-05-11T00:42:41 CEST" duration-ms="1" status="PASS">
          <reporter-output>
          </reporter-output>
        </test-method> <!-- methodTearDown -->
        <test-method is-config="true" signature="methodSetup()[pri:0, instance:com.calculator.tests.PageDashboardTests@436813f3]" started-at="2021-05-11T00:42:41 CEST" name="methodSetup" finished-at="2021-05-11T00:42:50 CEST" duration-ms="9156" status="PASS">
          <reporter-output>
          </reporter-output>
        </test-method> <!-- methodSetup -->
        <test-method signature="MaximumZeroShouldBeOneDigit()[pri:10, instance:com.calculator.tests.PageDashboardTests@436813f3]" started-at="2021-05-11T00:42:50 CEST" name="MaximumZeroShouldBeOneDigit" finished-at="2021-05-11T00:42:51 CEST" duration-ms="986" status="FAIL">
          <exception class="java.lang.AssertionError">
            <message>
              <![CDATA[They are not equal:  expected [0] but found [000]]]>
            </message>
            <full-stacktrace>
              <![CDATA[java.lang.AssertionError: They are not equal:  expected [0] but found [000]
at org.testng.Assert.fail(Assert.java:97)
at org.testng.Assert.assertEqualsImpl(Assert.java:136)
at org.testng.Assert.assertEquals(Assert.java:118)
at org.testng.Assert.assertEquals(Assert.java:575)
at com.calculator.tests.PageDashboardTests.MaximumZeroShouldBeOneDigit(PageDashboardTests.java:215)
at java.base/jdk.internal.reflect.NativeMethodAccessorImpl.invoke0(Native Method)
at java.base/jdk.internal.reflect.NativeMethodAccessorImpl.invoke(NativeMethodAccessorImpl.java:62)
at java.base/jdk.internal.reflect.DelegatingMethodAccessorImpl.invoke(DelegatingMethodAccessorImpl.java:43)
at java.base/java.lang.reflect.Method.invoke(Method.java:566)
at org.testng.internal.MethodInvocationHelper.invokeMethod(MethodInvocationHelper.java:134)
at org.testng.internal.TestInvoker.invokeMethod(TestInvoker.java:597)
at org.testng.internal.TestInvoker.invokeTestMethod(TestInvoker.java:173)
at org.testng.internal.MethodRunner.runInSequence(MethodRunner.java:46)
at org.testng.internal.TestInvoker$MethodInvocationAgent.invoke(TestInvoker.java:816)
at org.testng.internal.TestInvoker.invokeTestMethods(TestInvoker.java:146)
at org.testng.internal.TestMethodWorker.invokeTestMethods(TestMethodWorker.java:146)
at org.testng.internal.TestMethodWorker.run(TestMethodWorker.java:128)
at java.base/java.util.ArrayList.forEach(ArrayList.java:1541)
at org.testng.TestRunner.privateRun(TestRunner.java:766)
at org.testng.TestRunner.run(TestRunner.java:587)
at org.testng.SuiteRunner.runTest(SuiteRunner.java:384)
at org.testng.SuiteRunner.runSequentially(SuiteRunner.java:378)
at org.testng.SuiteRunner.privateRun(SuiteRunner.java:337)
at org.testng.SuiteRunner.run(SuiteRunner.java:286)
at org.testng.SuiteRunnerWorker.runSuite(SuiteRunnerWorker.java:53)
at org.testng.SuiteRunnerWorker.run(SuiteRunnerWorker.java:96)
at org.testng.TestNG.runSuitesSequentially(TestNG.java:1187)
at org.testng.TestNG.runSuitesLocally(TestNG.java:1109)
at org.testng.TestNG.runSuites(TestNG.java:1039)
at org.testng.TestNG.run(TestNG.java:1007)
at org.apache.maven.surefire.testng.TestNGExecutor.run(TestNGExecutor.java:136)
at org.apache.maven.surefire.testng.TestNGDirectoryTestSuite.executeSingleClass(TestNGDirectoryTestSuite.java:112)
at org.apache.maven.surefire.testng.TestNGDirectoryTestSuite.execute(TestNGDirectoryTestSuite.java:99)
at org.apache.maven.surefire.testng.TestNGProvider.invoke(TestNGProvider.java:145)
at org.apache.maven.surefire.booter.ForkedBooter.runSuitesInProcess(ForkedBooter.java:428)
at org.apache.maven.surefire.booter.ForkedBooter.execute(ForkedBooter.java:162)
at org.apache.maven.surefire.booter.ForkedBooter.run(ForkedBooter.java:562)
at org.apache.maven.surefire.booter.ForkedBooter.main(ForkedBooter.java:548)
]]>
            </full-stacktrace>
          </exception> <!-- java.lang.AssertionError -->
          <reporter-output>
          </reporter-output>
        </test-method> <!-- MaximumZeroShouldBeOneDigit -->
        <test-method is-config="true" signature="methodTearDown()[pri:0, instance:com.calculator.tests.PageDashboardTests@436813f3]" started-at="2021-05-11T00:42:51 CEST" name="methodTearDown" finished-at="2021-05-11T00:42:51 CEST" duration-ms="1" status="PASS">
          <reporter-output>
          </reporter-output>
        </test-method> <!-- methodTearDown -->
        <test-method is-config="true" signature="methodSetup()[pri:0, instance:com.calculator.tests.PageDashboardTests@436813f3]" started-at="2021-05-11T00:42:51 CEST" name="methodSetup" finished-at="2021-05-11T00:43:01 CEST" duration-ms="9420" status="PASS">
          <reporter-output>
          </reporter-output>
        </test-method> <!-- methodSetup -->
        <test-method signature="SubtractionForNegativeResult()[pri:11, instance:com.calculator.tests.PageDashboardTests@436813f3]" started-at="2021-05-11T00:43:01 CEST" name="SubtractionForNegativeResult" finished-at="2021-05-11T00:43:02 CEST" duration-ms="1405" status="PASS">
          <reporter-output>
          </reporter-output>
        </test-method> <!-- SubtractionForNegativeResult -->
        <test-method is-config="true" signature="methodTearDown()[pri:0, instance:com.calculator.tests.PageDashboardTests@436813f3]" started-at="2021-05-11T00:43:02 CEST" name="methodTearDown" finished-at="2021-05-11T00:43:02 CEST" duration-ms="1" status="PASS">
          <reporter-output>
          </reporter-output>
        </test-method> <!-- methodTearDown -->
      </class> <!-- com.calculator.tests.PageDashboardTests -->
    </test> <!-- Surefire test -->
  </suite> <!-- Surefire suite -->
</testng-results>
